2015-10-20 12:46:30 [INFO] [Multiverse-Core] - Version 2.4-b527 (API v14) Enabled - By Rigby, fernferret, lithium3141 and main--
2015-10-20 12:46:30 [INFO] [Multiverse-Core] Loading World & Settings - 'world' - Env: NORMAL - Type: NORMAL & seed: 4489678980065516093
2015-10-20 12:46:30 [INFO] [Multiverse-Core] Loading World & Settings - 'world_nether' - Env: NETHER - Type: NORMAL & seed: 4489678980065516093
2015-10-20 12:46:30 [WARNING] [Multiverse-Core] Spawn location from world.dat file was unsafe. Adjusting...
2015-10-20 12:46:30 [WARNING] [Multiverse-Core] Original Location: X: 0 Y: 64 Z: 0 P: 0 Y: 0 
2015-10-20 12:46:30 [SEVERE] [Multiverse-Core] New safe spawn NOT found!!!
2015-10-20 12:46:30 [INFO] [Multiverse-Core] Loading World & Settings - 'world_the_end' - Env: THE_END - Type: NORMAL & seed: 4489678980065516093
2015-10-20 12:46:30 [WARNING] [Multiverse-Core] Spawn location from world.dat file was unsafe. Adjusting...
2015-10-20 12:46:30 [WARNING] [Multiverse-Core] Original Location: X: 0 Y: 50 Z: 0 P: 0 Y: 0 
2015-10-20 12:46:30 [INFO] [Multiverse-Core] New Spawn for 'world_the_end' is Located at: world_the_end:0.00,64.00,0.00:0.00:0.00
2015-10-20 12:46:30 [INFO] [Multiverse-Core] Loading World & Settings - 'world' - Env: NORMAL - Type: NORMAL & seed: 4489678980065516093
2015-10-20 12:46:30 [INFO] [Multiverse-Core] Loading World & Settings - 'world_nether' - Env: NETHER - Type: NORMAL & seed: 4489678980065516093
2015-10-20 12:46:30 [WARNING] [Multiverse-Core] Spawn location from world.dat file was unsafe. Adjusting...
2015-10-20 12:46:30 [WARNING] [Multiverse-Core] Original Location: X: 0 Y: 64 Z: 0 P: 0 Y: 0 
2015-10-20 12:46:30 [SEVERE] [Multiverse-Core] New safe spawn NOT found!!!
2015-10-20 12:46:30 [INFO] [Multiverse-Core] Loading World & Settings - 'world_the_end' - Env: THE_END - Type: NORMAL & seed: 4489678980065516093
2015-10-20 12:46:30 [INFO] [Multiverse-Core] 3 - World(s) loaded.
2015-10-20 12:47:36 [INFO] [Multiverse-Core] Loading World & Settings - 'survival' - Env: NORMAL - Type: NORMAL
2015-10-20 12:47:44 [WARNING] [Multiverse-Core] Spawn location from world.dat file was unsafe. Adjusting...
2015-10-20 12:47:44 [WARNING] [Multiverse-Core] Original Location: X: 0 Y: 0 Z: 0 P: 0 Y: 0 
2015-10-20 12:47:44 [INFO] [Multiverse-Core] New Spawn for 'survival' is Located at: survival:0.00,104.00,0.00:0.00:0.00
2015-10-20 12:51:35 [INFO] [Multiverse-Core] Loading World & Settings - 'Spawn' - Env: NORMAL - Type: FLAT
2015-10-20 12:51:36 [WARNING] [Multiverse-Core] Spawn location from world.dat file was unsafe. Adjusting...
2015-10-20 12:51:36 [WARNING] [Multiverse-Core] Original Location: X: 0 Y: 0 Z: 0 P: 0 Y: 0 
2015-10-20 12:51:36 [INFO] [Multiverse-Core] New Spawn for 'Spawn' is Located at: Spawn:1.50,4.00,0.50:0.00:0.00
2015-10-20 13:29:25 [INFO] [Multiverse-Core] - Version 2.4-b527 (API v14) Enabled - By Rigby, fernferret, lithium3141 and main--
2015-10-20 13:29:25 [INFO] [Multiverse-Core] Loading World & Settings - 'world' - Env: NORMAL - Type: NORMAL & seed: 4489678980065516093
2015-10-20 13:29:26 [INFO] [Multiverse-Core] Loading World & Settings - 'world_nether' - Env: NETHER - Type: NORMAL & seed: 4489678980065516093
2015-10-20 13:29:26 [WARNING] [Multiverse-Core] Spawn location from world.dat file was unsafe. Adjusting...
2015-10-20 13:29:26 [WARNING] [Multiverse-Core] Original Location: X: 0 Y: 64 Z: 0 P: 0 Y: 0 
2015-10-20 13:29:26 [SEVERE] [Multiverse-Core] New safe spawn NOT found!!!
2015-10-20 13:29:26 [INFO] [Multiverse-Core] Loading World & Settings - 'world_the_end' - Env: THE_END - Type: NORMAL & seed: 4489678980065516093
2015-10-20 13:29:26 [INFO] [Multiverse-Core] Loading World & Settings - 'survival' - Env: NORMAL - Type: NORMAL & seed: -2483239911164907620
2015-10-20 13:29:27 [INFO] [Multiverse-Core] Loading World & Settings - 'Spawn' - Env: NORMAL - Type: FLAT & seed: -1228898792475878992
2015-10-20 13:29:27 [INFO] [Multiverse-Core] 5 - World(s) loaded.
2015-10-20 13:34:44 [WARNING] [Multiverse-Core] Portal SurvivalToSpawn has an invalid DESTINATION!
2015-10-20 13:35:23 [WARNING] [Multiverse-Core] Portal SurvivalToSpawn has an invalid DESTINATION!
2015-10-20 13:36:13 [WARNING] [Multiverse-Core] Portal survivalFromSpawn has an invalid DESTINATION!
2015-10-20 13:41:04 [INFO] [Multiverse-Core] Multiverse does not know about SurvivalToSpawn and it's not loaded by Bukkit.
